e:\c++work\object3.0\programforclient\wjclientsocketlogic\vc120.pdb
e:\c++work\object3.0\programforclient\wjclientsocketlogic\debug\wjsocketthread.obj
e:\c++work\object3.0\programforclient\wjclientsocketlogic\debug\wjsocketprotocoldata.obj
e:\c++work\object3.0\programforclient\wjclientsocketlogic\debug\wjsocketmessage.obj
e:\c++work\object3.0\programforclient\wjclientsocketlogic\debug\wjclientsocket_load.obj
e:\c++work\object3.0\programforclient\wjclientsocketlogic\debug\wjclientsocketlogic.obj
e:\c++work\object3.0\programforclient\wjclientsocketlogic\debug\moc_wjclientsocketlogic.obj
e:\c++work\object3.0\programforclient\wjclientsocketlogic\debug\commonfunction_c.obj
e:\c++work\object3.0\programforclient\wjclientsocketlogic\debug\wjmemorypool.obj
e:\c++work\object3.0\programforclient\wjclientsocketlogic\generatedfiles\debug\moc_wjclientsocketlogic.cpp
e:\c++work\object3.0\run\debug\wjclientsocketlogic_d.ilk
e:\c++work\object3.0\run\debug\wjclientsocketlogic_d.dll
e:\c++work\object3.0\programforclient\wjclientsocketlogic\debug\wjclientsocketlogic.res
e:\c++work\object3.0\sdk\lib\wjclientsocketlogic_d.lib
e:\c++work\object3.0\sdk\lib\wjclientsocketlogic_d.exp
e:\c++work\object3.0\run\debug\wjclientsocketlogic_d.pdb
e:\c++work\object3.0\programforclient\wjclientsocketlogic\debug\wjclient.122b982f.tlog\cl.command.1.tlog
e:\c++work\object3.0\programforclient\wjclientsocketlogic\debug\wjclient.122b982f.tlog\cl.read.1.tlog
e:\c++work\object3.0\programforclient\wjclientsocketlogic\debug\wjclient.122b982f.tlog\cl.write.1.tlog
e:\c++work\object3.0\programforclient\wjclientsocketlogic\debug\wjclient.122b982f.tlog\custombuild.command.1.tlog
e:\c++work\object3.0\programforclient\wjclientsocketlogic\debug\wjclient.122b982f.tlog\custombuild.read.1.tlog
e:\c++work\object3.0\programforclient\wjclientsocketlogic\debug\wjclient.122b982f.tlog\custombuild.write.1.tlog
e:\c++work\object3.0\programforclient\wjclientsocketlogic\debug\wjclient.122b982f.tlog\link.command.1.tlog
e:\c++work\object3.0\programforclient\wjclientsocketlogic\debug\wjclient.122b982f.tlog\link.read.1.tlog
e:\c++work\object3.0\programforclient\wjclientsocketlogic\debug\wjclient.122b982f.tlog\link.write.1.tlog
e:\c++work\object3.0\programforclient\wjclientsocketlogic\debug\wjclient.122b982f.tlog\rc.command.1.tlog
e:\c++work\object3.0\programforclient\wjclientsocketlogic\debug\wjclient.122b982f.tlog\rc.read.1.tlog
e:\c++work\object3.0\programforclient\wjclientsocketlogic\debug\wjclient.122b982f.tlog\rc.write.1.tlog
e:\c++work\object3.0\programforclient\wjclientsocketlogic\debug\wjclient.122b982f.tlog\wjclientsocketlogic.write.1u.tlog
