e:\c++work\object3.0\programforclient\rhinoclientcode\extend\project\embedwindowhs\debug\vc120.pdb
e:\c++work\object3.0\programforclient\rhinoclientcode\extend\project\embedwindowhs\debug\moc_websocketserver.obj
e:\c++work\object3.0\programforclient\rhinoclientcode\extend\project\embedwindowhs\debug\moc_embedwindowhs.obj
e:\c++work\object3.0\programforclient\rhinoclientcode\extend\project\embedwindowhs\debug\dlgwebview.obj
e:\c++work\object3.0\programforclient\rhinoclientcode\extend\project\embedwindowhs\debug\moc_dlgwebview.obj
e:\c++work\object3.0\programforclient\rhinoclientcode\extend\project\embedwindowhs\debug\moc_dlgtouchwebview.obj
e:\c++work\object3.0\programforclient\rhinoclientcode\extend\project\embedwindowhs\debug\moc_dlgloading.obj
e:\c++work\object3.0\programforclient\rhinoclientcode\extend\project\embedwindowhs\debug\moc_dlgbetview.obj
e:\c++work\object3.0\programforclient\rhinoclientcode\extend\project\embedwindowhs\debug\dlgtouchwebview.obj
e:\c++work\object3.0\programforclient\rhinoclientcode\extend\project\embedwindowhs\debug\dlgbetview.obj
e:\c++work\object3.0\programforclient\rhinoclientcode\extend\project\embedwindowhs\debug\websocketserver.obj
e:\c++work\object3.0\programforclient\rhinoclientcode\extend\project\embedwindowhs\debug\embedwindowhs.obj
e:\c++work\object3.0\programforclient\rhinoclientcode\extend\project\embedwindowhs\debug\wjspinlock.obj
e:\c++work\object3.0\programforclient\rhinoclientcode\extend\project\embedwindowhs\debug\clientconfig.obj
e:\c++work\object3.0\programforclient\rhinoclientcode\extend\project\embedwindowhs\generatedfiles\debug\moc_embedwindowhs.cpp
e:\c++work\object3.0\programforclient\rhinoclientcode\extend\project\embedwindowhs\generatedfiles\debug\moc_dlgwebview.cpp
e:\c++work\object3.0\programforclient\rhinoclientcode\extend\project\embedwindowhs\generatedfiles\debug\moc_dlgloading.cpp
e:\c++work\object3.0\programforclient\rhinoclientcode\extend\project\embedwindowhs\generatedfiles\debug\moc_websocketserver.cpp
e:\c++work\object3.0\programforclient\rhinoclientcode\extend\project\embedwindowhs\generatedfiles\debug\moc_dlgtouchwebview.cpp
e:\c++work\object3.0\programforclient\rhinoclientcode\extend\project\embedwindowhs\generatedfiles\debug\moc_dlgbetview.cpp
e:\c++work\object3.0\sdk\lib\embedwindowhs_d.lib
e:\c++work\object3.0\sdk\lib\embedwindowhs_d.exp
e:\c++work\object3.0\run\debug\embedwindowhs_d.ilk
e:\c++work\object3.0\run\debug\embedwindowhs_d.dll
e:\c++work\object3.0\sdk\lib\embedwindowhs_d.pdb
e:\c++work\object3.0\programforclient\rhinoclientcode\extend\project\embedwindowhs\debug\embedwindowhs.res
e:\c++work\object3.0\programforclient\rhinoclientcode\extend\project\embedwindowhs\debug\embedwindowhs.tlog\cl.command.1.tlog
e:\c++work\object3.0\programforclient\rhinoclientcode\extend\project\embedwindowhs\debug\embedwindowhs.tlog\cl.read.1.tlog
e:\c++work\object3.0\programforclient\rhinoclientcode\extend\project\embedwindowhs\debug\embedwindowhs.tlog\cl.write.1.tlog
e:\c++work\object3.0\programforclient\rhinoclientcode\extend\project\embedwindowhs\debug\embedwindowhs.tlog\custombuild.command.1.tlog
e:\c++work\object3.0\programforclient\rhinoclientcode\extend\project\embedwindowhs\debug\embedwindowhs.tlog\custombuild.read.1.tlog
e:\c++work\object3.0\programforclient\rhinoclientcode\extend\project\embedwindowhs\debug\embedwindowhs.tlog\custombuild.write.1.tlog
e:\c++work\object3.0\programforclient\rhinoclientcode\extend\project\embedwindowhs\debug\embedwindowhs.tlog\embedwindowhs.write.1u.tlog
e:\c++work\object3.0\programforclient\rhinoclientcode\extend\project\embedwindowhs\debug\embedwindowhs.tlog\link.command.1.tlog
e:\c++work\object3.0\programforclient\rhinoclientcode\extend\project\embedwindowhs\debug\embedwindowhs.tlog\link.read.1.tlog
e:\c++work\object3.0\programforclient\rhinoclientcode\extend\project\embedwindowhs\debug\embedwindowhs.tlog\link.write.1.tlog
e:\c++work\object3.0\programforclient\rhinoclientcode\extend\project\embedwindowhs\debug\embedwindowhs.tlog\rc.command.1.tlog
e:\c++work\object3.0\programforclient\rhinoclientcode\extend\project\embedwindowhs\debug\embedwindowhs.tlog\rc.read.1.tlog
e:\c++work\object3.0\programforclient\rhinoclientcode\extend\project\embedwindowhs\debug\embedwindowhs.tlog\rc.write.1.tlog
