e:\c++work\object3.0\programforclient\lol\stdafx.pch
e:\c++work\object3.0\programforclient\lol\vc120.pdb
e:\c++work\object3.0\programforclient\lol\vc120.idb
e:\c++work\object3.0\programforclient\lol\debug\stdafx.obj
e:\c++work\object3.0\programforclient\lol\debug\dllmain.obj
e:\c++work\object3.0\programforclient\lol\debug\lol.obj
e:\c++work\object3.0\run\debug\lol.ilk
e:\c++work\object3.0\run\debug\lol.dll
e:\c++work\object3.0\run\debug\lol.pdb
e:\c++work\object3.0\sdk\lib\lol.lib
e:\c++work\object3.0\sdk\lib\lol.exp
e:\c++work\object3.0\programforclient\lol\debug\lol.res
e:\c++work\object3.0\programforclient\lol\debug\lol.tlog\cl.command.1.tlog
e:\c++work\object3.0\programforclient\lol\debug\lol.tlog\cl.read.1.tlog
e:\c++work\object3.0\programforclient\lol\debug\lol.tlog\cl.write.1.tlog
e:\c++work\object3.0\programforclient\lol\debug\lol.tlog\link.command.1.tlog
e:\c++work\object3.0\programforclient\lol\debug\lol.tlog\link.read.1.tlog
e:\c++work\object3.0\programforclient\lol\debug\lol.tlog\link.write.1.tlog
e:\c++work\object3.0\programforclient\lol\debug\lol.tlog\lol.write.1u.tlog
e:\c++work\object3.0\programforclient\lol\debug\lol.tlog\rc.command.1.tlog
e:\c++work\object3.0\programforclient\lol\debug\lol.tlog\rc.read.1.tlog
e:\c++work\object3.0\programforclient\lol\debug\lol.tlog\rc.write.1.tlog
