e:\c++work\object3.0\programforclient\rhinoclientcode\rhinolauncher\debug\rhinolauncher.pch
e:\c++work\object3.0\programforclient\rhinoclientcode\rhinolauncher\debug\vc120.pdb
e:\c++work\object3.0\programforclient\rhinoclientcode\rhinolauncher\debug\vc120.idb
e:\c++work\object3.0\programforclient\rhinoclientcode\rhinolauncher\debug\stdafx.obj
e:\c++work\object3.0\programforclient\rhinoclientcode\rhinolauncher\debug\commonfunction_c.obj
e:\c++work\object3.0\programforclient\rhinoclientcode\rhinolauncher\debug\main.obj
e:\c++work\object3.0\programforclient\rhinoclientcode\rhinolauncher\debug\rhinolauncher.obj
e:\c++work\object3.0\run\debug\rhinoclient_d.ilk
e:\c++work\object3.0\run\debug\rhinoclient_d.exe
e:\c++work\object3.0\run\debug\rhinolauncher.pdb
e:\c++work\object3.0\programforclient\rhinoclientcode\rhinolauncher\debug\rhinolauncher.res
e:\c++work\object3.0\programforclient\rhinoclientcode\rhinolauncher\debug\rhinolauncher.tlog\cl.command.1.tlog
e:\c++work\object3.0\programforclient\rhinoclientcode\rhinolauncher\debug\rhinolauncher.tlog\cl.read.1.tlog
e:\c++work\object3.0\programforclient\rhinoclientcode\rhinolauncher\debug\rhinolauncher.tlog\cl.write.1.tlog
e:\c++work\object3.0\programforclient\rhinoclientcode\rhinolauncher\debug\rhinolauncher.tlog\link.command.1.tlog
e:\c++work\object3.0\programforclient\rhinoclientcode\rhinolauncher\debug\rhinolauncher.tlog\link.read.1.tlog
e:\c++work\object3.0\programforclient\rhinoclientcode\rhinolauncher\debug\rhinolauncher.tlog\link.write.1.tlog
e:\c++work\object3.0\programforclient\rhinoclientcode\rhinolauncher\debug\rhinolauncher.tlog\rc.command.1.tlog
e:\c++work\object3.0\programforclient\rhinoclientcode\rhinolauncher\debug\rhinolauncher.tlog\rc.read.1.tlog
e:\c++work\object3.0\programforclient\rhinoclientcode\rhinolauncher\debug\rhinolauncher.tlog\rc.write.1.tlog
