e:\c++work\object3.0\programforclient\rhinoclientcode\eventplclent\debug\vc120.pdb
e:\c++work\object3.0\programforclient\rhinoclientcode\eventplclent\debug\moc_embedwindowhs.obj
e:\c++work\object3.0\programforclient\rhinoclientcode\eventplclent\debug\moc_datadrocessing.obj
e:\c++work\object3.0\programforclient\rhinoclientcode\eventplclent\debug\moc_clientlink.obj
e:\c++work\object3.0\programforclient\rhinoclientcode\eventplclent\debug\moc_bridge.obj
e:\c++work\object3.0\programforclient\rhinoclientcode\eventplclent\debug\xlog.obj
e:\c++work\object3.0\programforclient\rhinoclientcode\eventplclent\debug\log.obj
e:\c++work\object3.0\programforclient\rhinoclientcode\eventplclent\debug\common.obj
e:\c++work\object3.0\programforclient\rhinoclientcode\eventplclent\debug\clientlink.obj
e:\c++work\object3.0\programforclient\rhinoclientcode\eventplclent\debug\bridge.obj
e:\c++work\object3.0\programforclient\rhinoclientcode\eventplclent\debug\betcontrol_00000001.obj
e:\c++work\object3.0\programforclient\rhinoclientcode\eventplclent\debug\automatemanager.obj
e:\c++work\object3.0\programforclient\rhinoclientcode\eventplclent\debug\wjspinlock.obj
e:\c++work\object3.0\programforclient\rhinoclientcode\eventplclent\debug\clientconfig.obj
e:\c++work\object3.0\programforclient\rhinoclientcode\eventplclent\debug\wjcinterface.obj
e:\c++work\object3.0\programforclient\rhinoclientcode\eventplclent\debug\mygameroom_10000002.obj
e:\c++work\object3.0\programforclient\rhinoclientcode\eventplclent\debug\mygamehall_10000002.obj
e:\c++work\object3.0\programforclient\rhinoclientcode\eventplclent\debug\mydatadrocessing_10000002.obj
e:\c++work\object3.0\programforclient\rhinoclientcode\eventplclent\debug\mygameroom_10000001.obj
e:\c++work\object3.0\programforclient\rhinoclientcode\eventplclent\debug\mygamehall_10000001.obj
e:\c++work\object3.0\programforclient\rhinoclientcode\eventplclent\debug\mydatadrocessing_10000001.obj
e:\c++work\object3.0\programforclient\rhinoclientcode\eventplclent\debug\qmbox.obj
e:\c++work\object3.0\programforclient\rhinoclientcode\eventplclent\debug\main.obj
e:\c++work\object3.0\programforclient\rhinoclientcode\eventplclent\debug\sharememory.obj
e:\c++work\object3.0\programforclient\rhinoclientcode\eventplclent\debug\hookmanager.obj
e:\c++work\object3.0\programforclient\rhinoclientcode\eventplclent\debug\eventsignal.obj
e:\c++work\object3.0\programforclient\rhinoclientcode\eventplclent\debug\moc_wjwebview.obj
e:\c++work\object3.0\programforclient\rhinoclientcode\eventplclent\debug\moc_wjmainwindow.obj
e:\c++work\object3.0\programforclient\rhinoclientcode\eventplclent\debug\moc_wjcinterface.obj
e:\c++work\object3.0\programforclient\rhinoclientcode\eventplclent\debug\moc_websocketserver.obj
e:\c++work\object3.0\programforclient\rhinoclientcode\eventplclent\debug\moc_webpopuppag.obj
e:\c++work\object3.0\programforclient\rhinoclientcode\eventplclent\debug\moc_webpopup.obj
e:\c++work\object3.0\programforclient\rhinoclientcode\eventplclent\debug\moc_webchannelext.obj
e:\c++work\object3.0\programforclient\rhinoclientcode\eventplclent\debug\moc_roomlogic.obj
e:\c++work\object3.0\programforclient\rhinoclientcode\eventplclent\debug\moc_qmbox.obj
e:\c++work\object3.0\programforclient\rhinoclientcode\eventplclent\debug\moc_mygameroom_10000002.obj
e:\c++work\object3.0\programforclient\rhinoclientcode\eventplclent\debug\moc_mygameroom_10000001.obj
e:\c++work\object3.0\programforclient\rhinoclientcode\eventplclent\debug\moc_mygamehall_10000002.obj
e:\c++work\object3.0\programforclient\rhinoclientcode\eventplclent\debug\moc_mygamehall_10000001.obj
e:\c++work\object3.0\programforclient\rhinoclientcode\eventplclent\debug\moc_mydatadrocessing_10000002.obj
e:\c++work\object3.0\programforclient\rhinoclientcode\eventplclent\debug\moc_mydatadrocessing_10000001.obj
e:\c++work\object3.0\programforclient\rhinoclientcode\eventplclent\debug\wjplatformlogic.obj
e:\c++work\object3.0\programforclient\rhinoclientcode\eventplclent\debug\zsxcbeventfilter.obj
e:\c++work\object3.0\programforclient\rhinoclientcode\eventplclent\debug\zsqtmousedrag.obj
e:\c++work\object3.0\programforclient\rhinoclientcode\eventplclent\debug\wjwebview.obj
e:\c++work\object3.0\programforclient\rhinoclientcode\eventplclent\debug\wjmainwindow.obj
e:\c++work\object3.0\programforclient\rhinoclientcode\eventplclent\debug\webchannelext.obj
e:\c++work\object3.0\programforclient\rhinoclientcode\eventplclent\debug\websocketserver.obj
e:\c++work\object3.0\programforclient\rhinoclientcode\eventplclent\debug\datadrocessing.obj
e:\c++work\object3.0\programforclient\rhinoclientcode\eventplclent\debug\webpopuppag.obj
e:\c++work\object3.0\programforclient\rhinoclientcode\eventplclent\debug\webpopup.obj
e:\c++work\object3.0\programforclient\rhinoclientcode\eventplclent\debug\roomlogic.obj
e:\c++work\object3.0\programforclient\rhinoclientcode\eventplclent\debug\qrc_eventplclent.obj
e:\c++work\object3.0\programforclient\rhinoclientcode\eventplclent\generatedfiles\debug\moc_bridge.cpp
e:\c++work\object3.0\programforclient\rhinoclientcode\eventplclent\generatedfiles\debug\moc_webpopup.cpp
e:\c++work\object3.0\programforclient\rhinoclientcode\eventplclent\generatedfiles\debug\moc_qmbox.cpp
e:\c++work\object3.0\programforclient\rhinoclientcode\eventplclent\generatedfiles\qrc_eventplclent.cpp
e:\c++work\object3.0\programforclient\rhinoclientcode\eventplclent\generatedfiles\ui_qmbox.h
e:\c++work\object3.0\programforclient\rhinoclientcode\eventplclent\generatedfiles\ui_webpopup.h
e:\c++work\object3.0\programforclient\rhinoclientcode\eventplclent\generatedfiles\debug\moc_roomlogic.cpp
e:\c++work\object3.0\programforclient\rhinoclientcode\eventplclent\generatedfiles\debug\moc_clientlink.cpp
e:\c++work\object3.0\programforclient\rhinoclientcode\eventplclent\generatedfiles\ui_clientlink.h
e:\c++work\object3.0\programforclient\rhinoclientcode\eventplclent\generatedfiles\debug\moc_mydatadrocessing_10000001.cpp
e:\c++work\object3.0\programforclient\rhinoclientcode\eventplclent\generatedfiles\debug\moc_mygamehall_10000001.cpp
e:\c++work\object3.0\programforclient\rhinoclientcode\eventplclent\generatedfiles\debug\moc_mygameroom_10000001.cpp
e:\c++work\object3.0\programforclient\rhinoclientcode\eventplclent\generatedfiles\debug\moc_mydatadrocessing_10000002.cpp
e:\c++work\object3.0\programforclient\rhinoclientcode\eventplclent\generatedfiles\debug\moc_mygamehall_10000002.cpp
e:\c++work\object3.0\programforclient\rhinoclientcode\eventplclent\generatedfiles\debug\moc_mygameroom_10000002.cpp
e:\c++work\object3.0\programforclient\rhinoclientcode\eventplclent\generatedfiles\debug\moc_wjcinterface.cpp
e:\c++work\object3.0\programforclient\rhinoclientcode\eventplclent\generatedfiles\debug\moc_embedwindowhs.cpp
e:\c++work\object3.0\programforclient\rhinoclientcode\eventplclent\generatedfiles\debug\moc_datadrocessing.cpp
e:\c++work\object3.0\programforclient\rhinoclientcode\eventplclent\generatedfiles\debug\moc_websocketserver.cpp
e:\c++work\object3.0\programforclient\rhinoclientcode\eventplclent\generatedfiles\debug\moc_wjmainwindow.cpp
e:\c++work\object3.0\programforclient\rhinoclientcode\eventplclent\generatedfiles\debug\moc_wjwebview.cpp
e:\c++work\object3.0\programforclient\rhinoclientcode\eventplclent\generatedfiles\debug\moc_webchannelext.cpp
e:\c++work\object3.0\programforclient\rhinoclientcode\eventplclent\generatedfiles\debug\moc_webpopuppag.cpp
e:\c++work\object3.0\programforclient\rhinoclientcode\eventplclent\generatedfiles\ui_webpopuppag.h
e:\c++work\object3.0\programforclient\rhinoclientcode\eventplclent\generatedfiles\ui_wjmainwindow.h
e:\c++work\object3.0\run\debug\rhinoclient.lib
e:\c++work\object3.0\run\debug\rhinoclient.exp
e:\c++work\object3.0\run\debug\client_d.ilk
e:\c++work\object3.0\run\debug\client_d.exe
e:\c++work\object3.0\run\debug\client_d.map
e:\c++work\object3.0\run\debug\client_d.pdb
e:\c++work\object3.0\programforclient\rhinoclientcode\eventplclent\debug\eventplclent.res
e:\c++work\object3.0\programforclient\rhinoclientcode\eventplclent\debug\eventplclent.tlog\cl.command.1.tlog
e:\c++work\object3.0\programforclient\rhinoclientcode\eventplclent\debug\eventplclent.tlog\cl.read.1.tlog
e:\c++work\object3.0\programforclient\rhinoclientcode\eventplclent\debug\eventplclent.tlog\cl.write.1.tlog
e:\c++work\object3.0\programforclient\rhinoclientcode\eventplclent\debug\eventplclent.tlog\custombuild.command.1.tlog
e:\c++work\object3.0\programforclient\rhinoclientcode\eventplclent\debug\eventplclent.tlog\custombuild.read.1.tlog
e:\c++work\object3.0\programforclient\rhinoclientcode\eventplclent\debug\eventplclent.tlog\custombuild.write.1.tlog
e:\c++work\object3.0\programforclient\rhinoclientcode\eventplclent\debug\eventplclent.tlog\eventplclent.write.1u.tlog
e:\c++work\object3.0\programforclient\rhinoclientcode\eventplclent\debug\eventplclent.tlog\link.command.1.tlog
e:\c++work\object3.0\programforclient\rhinoclientcode\eventplclent\debug\eventplclent.tlog\link.read.1.tlog
e:\c++work\object3.0\programforclient\rhinoclientcode\eventplclent\debug\eventplclent.tlog\link.write.1.tlog
e:\c++work\object3.0\programforclient\rhinoclientcode\eventplclent\debug\eventplclent.tlog\rc.command.1.tlog
e:\c++work\object3.0\programforclient\rhinoclientcode\eventplclent\debug\eventplclent.tlog\rc.read.1.tlog
e:\c++work\object3.0\programforclient\rhinoclientcode\eventplclent\debug\eventplclent.tlog\rc.write.1.tlog
