e:\c++work\object1.0\programforserver\gameserver\vc120.pdb
e:\c++work\object1.0\programforserver\gameserver\x64\debug\userinfomanage.obj
e:\c++work\object1.0\programforserver\gameserver\x64\debug\userinfo.obj
e:\c++work\object1.0\programforserver\gameserver\x64\debug\rteammanage.obj
e:\c++work\object1.0\programforserver\gameserver\x64\debug\roommanage.obj
e:\c++work\object1.0\programforserver\gameserver\x64\debug\queuemanage.obj
e:\c++work\object1.0\programforserver\gameserver\x64\debug\main.obj
e:\c++work\object1.0\programforserver\gameserver\x64\debug\gsconfig.obj
e:\c++work\object1.0\programforserver\gameserver\x64\debug\gameserver.obj
e:\c++work\object1.0\programforserver\gameserver\x64\debug\gameroom.obj
e:\c++work\object1.0\programforserver\gameserver\x64\debug\gamedeskmanage.obj
e:\c++work\object1.0\programforserver\gameserver\x64\debug\gamedesk.obj
e:\c++work\object1.0\programforserver\gameserver\x64\debug\mygamedesk_10000002.obj
e:\c++work\object1.0\programforserver\gameserver\x64\debug\mygamedesk_10000001.obj
e:\c++work\object1.0\programforserver\gameserver\x64\debug\win32fixes.obj
e:\c++work\object1.0\run\debug\x64\server\gameserver_d.lib
e:\c++work\object1.0\run\debug\x64\server\gameserver_d.exp
e:\c++work\object1.0\run\debug\x64\server\gameserver_d.ilk
e:\c++work\object1.0\run\debug\x64\server\gameserver_d.exe
e:\c++work\object1.0\programforserver\gameserver\x64\debug\gameserver.res
e:\c++work\object1.0\run\debug\x64\server\gameserver_d.pdb
e:\c++work\object1.0\programforserver\gameserver\x64\debug\gameserver.tlog\cl.command.1.tlog
e:\c++work\object1.0\programforserver\gameserver\x64\debug\gameserver.tlog\cl.read.1.tlog
e:\c++work\object1.0\programforserver\gameserver\x64\debug\gameserver.tlog\cl.write.1.tlog
e:\c++work\object1.0\programforserver\gameserver\x64\debug\gameserver.tlog\gameserver.write.1u.tlog
e:\c++work\object1.0\programforserver\gameserver\x64\debug\gameserver.tlog\link.command.1.tlog
e:\c++work\object1.0\programforserver\gameserver\x64\debug\gameserver.tlog\link.read.1.tlog
e:\c++work\object1.0\programforserver\gameserver\x64\debug\gameserver.tlog\link.write.1.tlog
e:\c++work\object1.0\programforserver\gameserver\x64\debug\gameserver.tlog\rc.command.1.tlog
e:\c++work\object1.0\programforserver\gameserver\x64\debug\gameserver.tlog\rc.read.1.tlog
e:\c++work\object1.0\programforserver\gameserver\x64\debug\gameserver.tlog\rc.write.1.tlog
