e:\c++work\object1.0\programforserver\loginserver\x64\debug\vc120.pdb
e:\c++work\object1.0\programforserver\loginserver\x64\debug\vc120.idb
e:\c++work\object1.0\programforserver\loginserver\x64\debug\win32fixes.obj
e:\c++work\object1.0\programforserver\loginserver\x64\debug\applymanage.obj
e:\c++work\object1.0\programforserver\loginserver\x64\debug\balancesocket.obj
e:\c++work\object1.0\programforserver\loginserver\x64\debug\gamelistmanage.obj
e:\c++work\object1.0\programforserver\loginserver\x64\debug\loginserver.obj
e:\c++work\object1.0\programforserver\loginserver\x64\debug\lsconfig.obj
e:\c++work\object1.0\programforserver\loginserver\x64\debug\luserinfo.obj
e:\c++work\object1.0\programforserver\loginserver\x64\debug\luserinfomanage.obj
e:\c++work\object1.0\programforserver\loginserver\x64\debug\main.obj
e:\c++work\object1.0\programforserver\loginserver\x64\debug\mainmanage_login.obj
e:\c++work\object1.0\programforserver\loginserver\x64\debug\redisdatalistmanage.obj
e:\c++work\object1.0\programforserver\loginserver\x64\debug\teammanage.obj
e:\c++work\object1.0\run\debug\x64\server\loginserver_d.ilk
e:\c++work\object1.0\run\debug\x64\server\loginserver_d.exe
e:\c++work\object1.0\run\debug\x64\server\loginserver_d.pdb
e:\c++work\object1.0\run\debug\x64\server\loginserver_d.lib
e:\c++work\object1.0\run\debug\x64\server\loginserver_d.exp
e:\c++work\object1.0\programforserver\loginserver\x64\debug\loginserver1.res
e:\c++work\object1.0\programforserver\loginserver\x64\debug\loginserver.tlog\cl.command.1.tlog
e:\c++work\object1.0\programforserver\loginserver\x64\debug\loginserver.tlog\cl.read.1.tlog
e:\c++work\object1.0\programforserver\loginserver\x64\debug\loginserver.tlog\cl.write.1.tlog
e:\c++work\object1.0\programforserver\loginserver\x64\debug\loginserver.tlog\link.command.1.tlog
e:\c++work\object1.0\programforserver\loginserver\x64\debug\loginserver.tlog\link.read.1.tlog
e:\c++work\object1.0\programforserver\loginserver\x64\debug\loginserver.tlog\link.write.1.tlog
e:\c++work\object1.0\programforserver\loginserver\x64\debug\loginserver.tlog\loginserver.write.1u.tlog
e:\c++work\object1.0\programforserver\loginserver\x64\debug\loginserver.tlog\rc.command.1.tlog
e:\c++work\object1.0\programforserver\loginserver\x64\debug\loginserver.tlog\rc.read.1.tlog
e:\c++work\object1.0\programforserver\loginserver\x64\debug\loginserver.tlog\rc.write.1.tlog
