e:\c++work\object3.0\sdk\lib\betwindowlol_d.lib
e:\c++work\object3.0\sdk\lib\betwindowlol_d.exp
e:\c++work\object3.0\programforclient\rhinoclientcode\extend\project\betwindowlol\debug\vc120.pdb
e:\c++work\object3.0\programforclient\rhinoclientcode\extend\project\betwindowlol\debug\moc_websocketserver.obj
e:\c++work\object3.0\programforclient\rhinoclientcode\extend\project\betwindowlol\debug\moc_dlgwebview_00000001.obj
e:\c++work\object3.0\programforclient\rhinoclientcode\extend\project\betwindowlol\debug\moc_dlgtouchwebview_00000001.obj
e:\c++work\object3.0\programforclient\rhinoclientcode\extend\project\betwindowlol\debug\moc_dlgloading_00000001.obj
e:\c++work\object3.0\programforclient\rhinoclientcode\extend\project\betwindowlol\debug\moc_betwindowlol.obj
e:\c++work\object3.0\programforclient\rhinoclientcode\extend\project\betwindowlol\debug\dlgwebview_00000001.obj
e:\c++work\object3.0\programforclient\rhinoclientcode\extend\project\betwindowlol\debug\dlgtouchwebview_00000001.obj
e:\c++work\object3.0\programforclient\rhinoclientcode\extend\project\betwindowlol\debug\betwindowlol.obj
e:\c++work\object3.0\programforclient\rhinoclientcode\extend\project\betwindowlol\debug\websocketserver.obj
e:\c++work\object3.0\programforclient\rhinoclientcode\extend\project\betwindowlol\debug\wjspinlock.obj
e:\c++work\object3.0\programforclient\rhinoclientcode\extend\project\betwindowlol\debug\clientconfig.obj
e:\c++work\object3.0\programforclient\rhinoclientcode\extend\project\betwindowlol\generatedfiles\debug\moc_websocketserver.cpp
e:\c++work\object3.0\programforclient\rhinoclientcode\extend\project\betwindowlol\generatedfiles\debug\moc_dlgloading_00000001.cpp
e:\c++work\object3.0\programforclient\rhinoclientcode\extend\project\betwindowlol\generatedfiles\debug\moc_dlgtouchwebview_00000001.cpp
e:\c++work\object3.0\programforclient\rhinoclientcode\extend\project\betwindowlol\generatedfiles\debug\moc_dlgwebview_00000001.cpp
e:\c++work\object3.0\programforclient\rhinoclientcode\extend\project\betwindowlol\generatedfiles\debug\moc_betwindowlol.cpp
e:\c++work\object3.0\run\debug\betwindowlol_d.ilk
e:\c++work\object3.0\run\debug\betwindowlol_d.dll
e:\c++work\object3.0\sdk\lib\betwindowlol_d.pdb
e:\c++work\object3.0\programforclient\rhinoclientcode\extend\project\betwindowlol\debug\betwindowlol.res
e:\c++work\object3.0\programforclient\rhinoclientcode\extend\project\betwindowlol\debug\betwindowlol.tlog\betwindowlol.write.1u.tlog
e:\c++work\object3.0\programforclient\rhinoclientcode\extend\project\betwindowlol\debug\betwindowlol.tlog\cl.command.1.tlog
e:\c++work\object3.0\programforclient\rhinoclientcode\extend\project\betwindowlol\debug\betwindowlol.tlog\cl.read.1.tlog
e:\c++work\object3.0\programforclient\rhinoclientcode\extend\project\betwindowlol\debug\betwindowlol.tlog\cl.write.1.tlog
e:\c++work\object3.0\programforclient\rhinoclientcode\extend\project\betwindowlol\debug\betwindowlol.tlog\custombuild.command.1.tlog
e:\c++work\object3.0\programforclient\rhinoclientcode\extend\project\betwindowlol\debug\betwindowlol.tlog\custombuild.read.1.tlog
e:\c++work\object3.0\programforclient\rhinoclientcode\extend\project\betwindowlol\debug\betwindowlol.tlog\custombuild.write.1.tlog
e:\c++work\object3.0\programforclient\rhinoclientcode\extend\project\betwindowlol\debug\betwindowlol.tlog\link.command.1.tlog
e:\c++work\object3.0\programforclient\rhinoclientcode\extend\project\betwindowlol\debug\betwindowlol.tlog\link.read.1.tlog
e:\c++work\object3.0\programforclient\rhinoclientcode\extend\project\betwindowlol\debug\betwindowlol.tlog\link.write.1.tlog
e:\c++work\object3.0\programforclient\rhinoclientcode\extend\project\betwindowlol\debug\betwindowlol.tlog\rc.command.1.tlog
e:\c++work\object3.0\programforclient\rhinoclientcode\extend\project\betwindowlol\debug\betwindowlol.tlog\rc.read.1.tlog
e:\c++work\object3.0\programforclient\rhinoclientcode\extend\project\betwindowlol\debug\betwindowlol.tlog\rc.write.1.tlog
