e:\c++work\object1.0\programforserver\wjservermanagelib\stdafx.pch
e:\c++work\object1.0\programforserver\wjservermanagelib\vc120.pdb
e:\c++work\object1.0\programforserver\wjservermanagelib\vc120.idb
e:\c++work\object1.0\programforserver\wjservermanagelib\x64\debug\stdafx.obj
e:\c++work\object1.0\programforserver\wjservermanagelib\x64\debug\wjmemorypool.obj
e:\c++work\object1.0\programforserver\wjservermanagelib\x64\debug\commonfunction.obj
e:\c++work\object1.0\programforserver\wjservermanagelib\x64\debug\md5.obj
e:\c++work\object1.0\programforserver\wjservermanagelib\x64\debug\wjlistensocket.obj
e:\c++work\object1.0\programforserver\wjservermanagelib\x64\debug\wjredis.obj
e:\c++work\object1.0\programforserver\wjservermanagelib\x64\debug\wjspinlock.obj
e:\c++work\object1.0\programforserver\wjservermanagelib\x64\debug\wjssocket.obj
e:\c++work\object1.0\programforserver\wjservermanagelib\x64\debug\wjssocketmanage.obj
e:\c++work\object1.0\programforserver\wjservermanagelib\x64\debug\wjtimermgr.obj
e:\c++work\object1.0\programforserver\wjservermanagelib\x64\debug\dllmain.obj
e:\c++work\object1.0\sdk\lib\wjservermanagelib_d.lib
e:\c++work\object1.0\programforserver\wjservermanagelib\x64\debug\wjservermanagelib.res
e:\c++work\object1.0\programforserver\wjservermanagelib\x64\debug\wjserver.d0247a44.tlog\cl.command.1.tlog
e:\c++work\object1.0\programforserver\wjservermanagelib\x64\debug\wjserver.d0247a44.tlog\cl.read.1.tlog
e:\c++work\object1.0\programforserver\wjservermanagelib\x64\debug\wjserver.d0247a44.tlog\cl.write.1.tlog
e:\c++work\object1.0\programforserver\wjservermanagelib\x64\debug\wjserver.d0247a44.tlog\lib-link-cvtres.read.1.tlog
e:\c++work\object1.0\programforserver\wjservermanagelib\x64\debug\wjserver.d0247a44.tlog\lib-link-cvtres.write.1.tlog
e:\c++work\object1.0\programforserver\wjservermanagelib\x64\debug\wjserver.d0247a44.tlog\lib.command.1.tlog
e:\c++work\object1.0\programforserver\wjservermanagelib\x64\debug\wjserver.d0247a44.tlog\rc.command.1.tlog
e:\c++work\object1.0\programforserver\wjservermanagelib\x64\debug\wjserver.d0247a44.tlog\rc.read.1.tlog
e:\c++work\object1.0\programforserver\wjservermanagelib\x64\debug\wjserver.d0247a44.tlog\rc.write.1.tlog
