e:\c++work\object3.0\programforclient\rhinoclientcode\extend\project\extendlol\debug\vc120.pdb
e:\c++work\object3.0\programforclient\rhinoclientcode\extend\project\extendlol\debug\vc120.idb
e:\c++work\object3.0\programforclient\rhinoclientcode\extend\project\extendlol\debug\dllmain.obj
e:\c++work\object3.0\programforclient\rhinoclientcode\extend\project\extendlol\debug\lolextend.obj
e:\c++work\object3.0\run\debug\extendlol.lib
e:\c++work\object3.0\run\debug\extendlol.exp
e:\c++work\object3.0\run\debug\extendlol.ilk
e:\c++work\object3.0\run\debug\extendlol.dll
e:\c++work\object3.0\run\debug\extendlol.pdb
e:\c++work\object3.0\programforclient\rhinoclientcode\extend\project\extendlol\debug\extendlol.res
e:\c++work\object3.0\programforclient\rhinoclientcode\extend\project\extendlol\debug\extendlol.tlog\cl.command.1.tlog
e:\c++work\object3.0\programforclient\rhinoclientcode\extend\project\extendlol\debug\extendlol.tlog\cl.read.1.tlog
e:\c++work\object3.0\programforclient\rhinoclientcode\extend\project\extendlol\debug\extendlol.tlog\cl.write.1.tlog
e:\c++work\object3.0\programforclient\rhinoclientcode\extend\project\extendlol\debug\extendlol.tlog\extendlol.write.1u.tlog
e:\c++work\object3.0\programforclient\rhinoclientcode\extend\project\extendlol\debug\extendlol.tlog\link.command.1.tlog
e:\c++work\object3.0\programforclient\rhinoclientcode\extend\project\extendlol\debug\extendlol.tlog\link.read.1.tlog
e:\c++work\object3.0\programforclient\rhinoclientcode\extend\project\extendlol\debug\extendlol.tlog\link.write.1.tlog
e:\c++work\object3.0\programforclient\rhinoclientcode\extend\project\extendlol\debug\extendlol.tlog\rc.command.1.tlog
e:\c++work\object3.0\programforclient\rhinoclientcode\extend\project\extendlol\debug\extendlol.tlog\rc.read.1.tlog
e:\c++work\object3.0\programforclient\rhinoclientcode\extend\project\extendlol\debug\extendlol.tlog\rc.write.1.tlog
