e:\c++work\object3.0\programforclient\rhinoclientcode\extend\project\wjautomation\debug\vc120.pdb
e:\c++work\object3.0\programforclient\rhinoclientcode\extend\project\wjautomation\debug\vc120.idb
e:\c++work\object3.0\programforclient\rhinoclientcode\extend\project\wjautomation\debug\ocrimpl.obj
e:\c++work\object3.0\programforclient\rhinoclientcode\extend\project\wjautomation\debug\xlog.obj
e:\c++work\object3.0\programforclient\rhinoclientcode\extend\project\wjautomation\debug\capturefromsharetexdx9.obj
e:\c++work\object3.0\programforclient\rhinoclientcode\extend\project\wjautomation\debug\dx9gpupatch.obj
e:\c++work\object3.0\programforclient\rhinoclientcode\extend\project\wjautomation\debug\eventsignal.obj
e:\c++work\object3.0\programforclient\rhinoclientcode\extend\project\wjautomation\debug\hookd3d9.obj
e:\c++work\object3.0\programforclient\rhinoclientcode\extend\project\wjautomation\debug\hookmanager.obj
e:\c++work\object3.0\programforclient\rhinoclientcode\extend\project\wjautomation\debug\icapture.obj
e:\c++work\object3.0\programforclient\rhinoclientcode\extend\project\wjautomation\debug\sharememory.obj
e:\c++work\object3.0\programforclient\rhinoclientcode\extend\project\wjautomation\debug\hs_identification.obj
e:\c++work\object3.0\programforclient\rhinoclientcode\extend\project\wjautomation\debug\imageidentification_cpu-flann.obj
e:\c++work\object3.0\programforclient\rhinoclientcode\extend\project\wjautomation\debug\imageidentification_cpu.obj
e:\c++work\object3.0\programforclient\rhinoclientcode\extend\project\wjautomation\debug\imageidentification_gpu.obj
e:\c++work\object3.0\programforclient\rhinoclientcode\extend\project\wjautomation\debug\imagelocate_cpu.obj
e:\c++work\object3.0\programforclient\rhinoclientcode\extend\project\wjautomation\debug\imagelocate_gpu.obj
e:\c++work\object3.0\programforclient\rhinoclientcode\extend\project\wjautomation\debug\opencv_gpu_cpu.obj
e:\c++work\object3.0\programforclient\rhinoclientcode\extend\project\wjautomation\debug\pre_text_img.obj
e:\c++work\object3.0\programforclient\rhinoclientcode\extend\project\wjautomation\debug\caffeclassifier.obj
e:\c++work\object3.0\programforclient\rhinoclientcode\extend\project\wjautomation\debug\cafferecognizer.obj
e:\c++work\object3.0\programforclient\rhinoclientcode\extend\project\wjautomation\debug\imageprocessor.obj
e:\c++work\object3.0\programforclient\rhinoclientcode\extend\project\wjautomation\debug\caffemanager.obj
e:\c++work\object3.0\programforclient\rhinoclientcode\extend\project\wjautomation\debug\gamemonitorhs.obj
e:\c++work\object3.0\programforclient\rhinoclientcode\extend\project\wjautomation\debug\luainterface.obj
e:\c++work\object3.0\programforclient\rhinoclientcode\extend\project\wjautomation\debug\luainterfacehs.obj
e:\c++work\object3.0\programforclient\rhinoclientcode\extend\project\wjautomation\debug\wjautomation.obj
e:\c++work\object3.0\programforclient\rhinoclientcode\extend\project\wjautomation\debug\luaengine.obj
e:\c++work\object3.0\programforclient\rhinoclientcode\extend\project\wjautomation\debug\dllmain.obj
e:\c++work\object3.0\run\debug\wjautomation_d.ilk
e:\c++work\object3.0\run\debug\wjautomation_d.dll
e:\c++work\object3.0\sdk\lib\wjautomation_d.pdb
e:\c++work\object3.0\programforclient\rhinoclientcode\extend\project\wjautomation\debug\wjautomation.res
e:\c++work\object3.0\sdk\lib\wjautomation_d.lib
e:\c++work\object3.0\sdk\lib\wjautomation_d.exp
e:\c++work\object3.0\programforclient\rhinoclientcode\extend\project\wjautomation\debug\wjautomation.tlog\cl.command.1.tlog
e:\c++work\object3.0\programforclient\rhinoclientcode\extend\project\wjautomation\debug\wjautomation.tlog\cl.read.1.tlog
e:\c++work\object3.0\programforclient\rhinoclientcode\extend\project\wjautomation\debug\wjautomation.tlog\cl.write.1.tlog
e:\c++work\object3.0\programforclient\rhinoclientcode\extend\project\wjautomation\debug\wjautomation.tlog\link.command.1.tlog
e:\c++work\object3.0\programforclient\rhinoclientcode\extend\project\wjautomation\debug\wjautomation.tlog\link.read.1.tlog
e:\c++work\object3.0\programforclient\rhinoclientcode\extend\project\wjautomation\debug\wjautomation.tlog\link.write.1.tlog
e:\c++work\object3.0\programforclient\rhinoclientcode\extend\project\wjautomation\debug\wjautomation.tlog\rc.command.1.tlog
e:\c++work\object3.0\programforclient\rhinoclientcode\extend\project\wjautomation\debug\wjautomation.tlog\rc.read.1.tlog
e:\c++work\object3.0\programforclient\rhinoclientcode\extend\project\wjautomation\debug\wjautomation.tlog\rc.write.1.tlog
e:\c++work\object3.0\programforclient\rhinoclientcode\extend\project\wjautomation\debug\wjautomation.tlog\wjautomation.write.1u.tlog
