e:\c++work\object3.0\programforclient\rhinoclientcode\extend\project\betlobbylol\debug\betlobbylol.pch
e:\c++work\object3.0\programforclient\rhinoclientcode\extend\project\betlobbylol\debug\vc120.pdb
e:\c++work\object3.0\programforclient\rhinoclientcode\extend\project\betlobbylol\debug\vc120.idb
e:\c++work\object3.0\programforclient\rhinoclientcode\extend\project\betlobbylol\debug\stdafx.obj
e:\c++work\object3.0\programforclient\rhinoclientcode\extend\project\betlobbylol\debug\betlobbylol.obj
e:\c++work\object3.0\programforclient\rhinoclientcode\extend\project\betlobbylol\debug\gamelobby.obj
e:\c++work\object3.0\programforclient\rhinoclientcode\extend\project\betlobbylol\debug\dllmain.obj
e:\c++work\object3.0\run\debug\betlobbylol_d.ilk
e:\c++work\object3.0\run\debug\betlobbylol_d.dll
e:\c++work\object3.0\run\debug\betlobbylol.pdb
e:\c++work\object3.0\programforclient\rhinoclientcode\extend\project\betlobbylol\debug\betlobbylol.res
e:\c++work\object3.0\programforclient\rhinoclientcode\extend\project\betlobbylol\debug\betlobbylol.tlog\cl.command.1.tlog
e:\c++work\object3.0\programforclient\rhinoclientcode\extend\project\betlobbylol\debug\betlobbylol.tlog\cl.read.1.tlog
e:\c++work\object3.0\programforclient\rhinoclientcode\extend\project\betlobbylol\debug\betlobbylol.tlog\cl.write.1.tlog
e:\c++work\object3.0\programforclient\rhinoclientcode\extend\project\betlobbylol\debug\betlobbylol.tlog\link.command.1.tlog
e:\c++work\object3.0\programforclient\rhinoclientcode\extend\project\betlobbylol\debug\betlobbylol.tlog\link.read.1.tlog
e:\c++work\object3.0\programforclient\rhinoclientcode\extend\project\betlobbylol\debug\betlobbylol.tlog\link.write.1.tlog
e:\c++work\object3.0\programforclient\rhinoclientcode\extend\project\betlobbylol\debug\betlobbylol.tlog\rc.command.1.tlog
e:\c++work\object3.0\programforclient\rhinoclientcode\extend\project\betlobbylol\debug\betlobbylol.tlog\rc.read.1.tlog
e:\c++work\object3.0\programforclient\rhinoclientcode\extend\project\betlobbylol\debug\betlobbylol.tlog\rc.write.1.tlog
