e:\c++work\object3.0\programforclient\rhinoclientcode\extend\project\extendhs\debug\vc120.pdb
e:\c++work\object3.0\programforclient\rhinoclientcode\extend\project\extendhs\debug\vc120.idb
e:\c++work\object3.0\programforclient\rhinoclientcode\extend\project\extendhs\debug\xlog.obj
e:\c++work\object3.0\programforclient\rhinoclientcode\extend\project\extendhs\debug\capturefromsharetexdx9.obj
e:\c++work\object3.0\programforclient\rhinoclientcode\extend\project\extendhs\debug\dx9gpupatch.obj
e:\c++work\object3.0\programforclient\rhinoclientcode\extend\project\extendhs\debug\eventsignal.obj
e:\c++work\object3.0\programforclient\rhinoclientcode\extend\project\extendhs\debug\hookd3d9.obj
e:\c++work\object3.0\programforclient\rhinoclientcode\extend\project\extendhs\debug\hookmanager.obj
e:\c++work\object3.0\programforclient\rhinoclientcode\extend\project\extendhs\debug\icapture.obj
e:\c++work\object3.0\programforclient\rhinoclientcode\extend\project\extendhs\debug\sharememory.obj
e:\c++work\object3.0\programforclient\rhinoclientcode\extend\project\extendhs\debug\hookhs.obj
e:\c++work\object3.0\programforclient\rhinoclientcode\extend\project\extendhs\debug\stdafx.obj
e:\c++work\object3.0\programforclient\rhinoclientcode\extend\project\extendhs\debug\dllmain.obj
e:\c++work\object3.0\run\debug\extendhs_d.ilk
e:\c++work\object3.0\run\debug\extendhs_d.dll
e:\c++work\object3.0\run\debug\extendhs.pdb
e:\c++work\object3.0\programforclient\rhinoclientcode\extend\project\extendhs\debug\extendhs1.res
e:\c++work\object3.0\programforclient\rhinoclientcode\extend\project\extendhs\debug\extendhs.tlog\cl.command.1.tlog
e:\c++work\object3.0\programforclient\rhinoclientcode\extend\project\extendhs\debug\extendhs.tlog\cl.read.1.tlog
e:\c++work\object3.0\programforclient\rhinoclientcode\extend\project\extendhs\debug\extendhs.tlog\cl.write.1.tlog
e:\c++work\object3.0\programforclient\rhinoclientcode\extend\project\extendhs\debug\extendhs.tlog\link.command.1.tlog
e:\c++work\object3.0\programforclient\rhinoclientcode\extend\project\extendhs\debug\extendhs.tlog\link.read.1.tlog
e:\c++work\object3.0\programforclient\rhinoclientcode\extend\project\extendhs\debug\extendhs.tlog\link.write.1.tlog
e:\c++work\object3.0\programforclient\rhinoclientcode\extend\project\extendhs\debug\extendhs.tlog\rc.command.1.tlog
e:\c++work\object3.0\programforclient\rhinoclientcode\extend\project\extendhs\debug\extendhs.tlog\rc.read.1.tlog
e:\c++work\object3.0\programforclient\rhinoclientcode\extend\project\extendhs\debug\extendhs.tlog\rc.write.1.tlog
