e:\c++work\object3.0\sdk\lib\cbetpopup_d.lib
e:\c++work\object3.0\sdk\lib\cbetpopup_d.exp
e:\c++work\object3.0\programforclient\rhinoclientcode\extend\project\cbetpopup\debug\vc120.pdb
e:\c++work\object3.0\programforclient\rhinoclientcode\extend\project\cbetpopup\debug\moc_websocketserver.obj
e:\c++work\object3.0\programforclient\rhinoclientcode\extend\project\cbetpopup\debug\moc_dlgwebview_00000002.obj
e:\c++work\object3.0\programforclient\rhinoclientcode\extend\project\cbetpopup\debug\moc_cbetpopup.obj
e:\c++work\object3.0\programforclient\rhinoclientcode\extend\project\cbetpopup\debug\dlgwebview_00000002.obj
e:\c++work\object3.0\programforclient\rhinoclientcode\extend\project\cbetpopup\debug\cbetpopup.obj
e:\c++work\object3.0\programforclient\rhinoclientcode\extend\project\cbetpopup\debug\websocketserver.obj
e:\c++work\object3.0\programforclient\rhinoclientcode\extend\project\cbetpopup\debug\wjspinlock.obj
e:\c++work\object3.0\programforclient\rhinoclientcode\extend\project\cbetpopup\debug\clientconfig.obj
e:\c++work\object3.0\programforclient\rhinoclientcode\extend\project\cbetpopup\generatedfiles\debug\moc_websocketserver.cpp
e:\c++work\object3.0\programforclient\rhinoclientcode\extend\project\cbetpopup\generatedfiles\debug\moc_dlgwebview_00000002.cpp
e:\c++work\object3.0\programforclient\rhinoclientcode\extend\project\cbetpopup\generatedfiles\debug\moc_cbetpopup.cpp
e:\c++work\object3.0\run\debug\cbetpopup_d.ilk
e:\c++work\object3.0\run\debug\cbetpopup_d.dll
e:\c++work\object3.0\sdk\lib\cbetpopup_d.pdb
e:\c++work\object3.0\programforclient\rhinoclientcode\extend\project\cbetpopup\debug\cbetpopup.tlog\cbetpopup.write.1u.tlog
e:\c++work\object3.0\programforclient\rhinoclientcode\extend\project\cbetpopup\debug\cbetpopup.tlog\cl.command.1.tlog
e:\c++work\object3.0\programforclient\rhinoclientcode\extend\project\cbetpopup\debug\cbetpopup.tlog\cl.read.1.tlog
e:\c++work\object3.0\programforclient\rhinoclientcode\extend\project\cbetpopup\debug\cbetpopup.tlog\cl.write.1.tlog
e:\c++work\object3.0\programforclient\rhinoclientcode\extend\project\cbetpopup\debug\cbetpopup.tlog\custombuild.command.1.tlog
e:\c++work\object3.0\programforclient\rhinoclientcode\extend\project\cbetpopup\debug\cbetpopup.tlog\custombuild.read.1.tlog
e:\c++work\object3.0\programforclient\rhinoclientcode\extend\project\cbetpopup\debug\cbetpopup.tlog\custombuild.write.1.tlog
e:\c++work\object3.0\programforclient\rhinoclientcode\extend\project\cbetpopup\debug\cbetpopup.tlog\link.command.1.tlog
e:\c++work\object3.0\programforclient\rhinoclientcode\extend\project\cbetpopup\debug\cbetpopup.tlog\link.read.1.tlog
e:\c++work\object3.0\programforclient\rhinoclientcode\extend\project\cbetpopup\debug\cbetpopup.tlog\link.write.1.tlog
